# JRE version: OpenJDK Runtime Environment (8.0_152-b02) (build 1.8.0_152-release-1024-b02)
# Java VM: OpenJDK 64-Bit Server VM (25.152-b02 mixed mode windows-amd64 compressed oops)
Heap:
 PSYoungGen      total 71680K, used 23404K [0x00000000e0000000, 0x00000000e8780000, 0x0000000100000000)
  eden space 66560K, 27% used [0x00000000e0000000,0x00000000e11e0660,0x00000000e4100000)
  from space 5120K, 99% used [0x00000000e4100000,0x00000000e45fa9a0,0x00000000e4600000)
  to   space 11264K, 0% used [0x00000000e7c80000,0x00000000e7c80000,0x00000000e8780000)
 ParOldGen       total 62464K, used 11499K [0x00000000a0000000, 0x00000000a3d00000, 0x00000000e0000000)
  object space 62464K, 18% used [0x00000000a0000000,0x00000000a0b3af50,0x00000000a3d00000)
 Metaspace       used 29124K, capacity 29736K, committed 30080K, reserved 1075200K
  class space    used 3940K, capacity 4145K, committed 4224K, reserved 1048576K
GC Heap History (10 events):
Event: 3.839 GC heap before
{Heap before GC invocations=2 (full 0):
 PSYoungGen      total 38400K, used 37483K [0x00000000e0000000, 0x00000000e4b00000, 0x0000000100000000)
  eden space 33280K, 100% used [0x00000000e0000000,0x00000000e2080000,0x00000000e2080000)
  from space 5120K, 82% used [0x00000000e2080000,0x00000000e249ad60,0x00000000e2580000)
  to   space 5120K, 0% used [0x00000000e4600000,0x00000000e4600000,0x00000000e4b00000)
 ParOldGen       total 87552K, used 8K [0x00000000a0000000, 0x00000000a5580000, 0x00000000e0000000)
  object space 87552K, 0% used [0x00000000a0000000,0x00000000a0002000,0x00000000a5580000)
 Metaspace       used 11630K, capacity 11974K, committed 12160K, reserved 1060864K
  class space    used 1534K, capacity 1641K, committed 1664K, reserved 1048576K
Event: 3.866 GC heap after
Heap after GC invocations=2 (full 0):
 PSYoungGen      total 71680K, used 5101K [0x00000000e0000000, 0x00000000e4b00000, 0x0000000100000000)
  eden space 66560K, 0% used [0x00000000e0000000,0x00000000e0000000,0x00000000e4100000)
  from space 5120K, 99% used [0x00000000e4600000,0x00000000e4afb580,0x00000000e4b00000)
  to   space 5120K, 0% used [0x00000000e4100000,0x00000000e4100000,0x00000000e4600000)
 ParOldGen       total 87552K, used 474K [0x00000000a0000000, 0x00000000a5580000, 0x00000000e0000000)
  object space 87552K, 0% used [0x00000000a0000000,0x00000000a0076a38,0x00000000a5580000)
 Metaspace       used 11630K, capacity 11974K, committed 12160K, reserved 1060864K
  class space    used 1534K, capacity 1641K, committed 1664K, reserved 1048576K
}
Event: 6.510 GC heap before
{Heap before GC invocations=3 (full 0):
 PSYoungGen      total 71680K, used 71661K [0x00000000e0000000, 0x00000000e4b00000, 0x0000000100000000)
  eden space 66560K, 100% used [0x00000000e0000000,0x00000000e4100000,0x00000000e4100000)
  from space 5120K, 99% used [0x00000000e4600000,0x00000000e4afb580,0x00000000e4b00000)
  to   space 5120K, 0% used [0x00000000e4100000,0x00000000e4100000,0x00000000e4600000)
 ParOldGen       total 87552K, used 474K [0x00000000a0000000, 0x00000000a5580000, 0x00000000e0000000)
  object space 87552K, 0% used [0x00000000a0000000,0x00000000a0076a38,0x00000000a5580000)
 Metaspace       used 17482K, capacity 17942K, committed 18048K, reserved 1064960K
  class space    used 2517K, capacity 2657K, committed 2688K, reserved 1048576K
Event: 6.534 GC heap after
Heap after GC invocations=3 (full 0):
 PSYoungGen      total 71680K, used 5088K [0x00000000e0000000, 0x00000000e8c00000, 0x0000000100000000)
  eden space 66560K, 0% used [0x00000000e0000000,0x00000000e0000000,0x00000000e4100000)
  from space 5120K, 99% used [0x00000000e4100000,0x00000000e45f8020,0x00000000e4600000)
  to   space 5120K, 0% used [0x00000000e8700000,0x00000000e8700000,0x00000000e8c00000)
 ParOldGen       total 87552K, used 6323K [0x00000000a0000000, 0x00000000a5580000, 0x00000000e0000000)
  object space 87552K, 7% used [0x00000000a0000000,0x00000000a062ccf8,0x00000000a5580000)
 Metaspace       used 17482K, capacity 17942K, committed 18048K, reserved 1064960K
  class space    used 2517K, capacity 2657K, committed 2688K, reserved 1048576K
}
Event: 7.792 GC heap before
{Heap before GC invocations=4 (full 0):
 PSYoungGen      total 71680K, used 26958K [0x00000000e0000000, 0x00000000e8c00000, 0x0000000100000000)
  eden space 66560K, 32% used [0x00000000e0000000,0x00000000e155b8c8,0x00000000e4100000)
  from space 5120K, 99% used [0x00000000e4100000,0x00000000e45f8020,0x00000000e4600000)
  to   space 5120K, 0% used [0x00000000e8700000,0x00000000e8700000,0x00000000e8c00000)
 ParOldGen       total 87552K, used 6323K [0x00000000a0000000, 0x00000000a5580000, 0x00000000e0000000)
  object space 87552K, 7% used [0x00000000a0000000,0x00000000a062ccf8,0x00000000a5580000)
 Metaspace       used 20780K, capacity 21212K, committed 21248K, reserved 1067008K
  class space    used 2876K, capacity 3042K, committed 3072K, reserved 1048576K
Event: 7.801 GC heap after
Heap after GC invocations=4 (full 0):
 PSYoungGen      total 71680K, used 5111K [0x00000000e0000000, 0x00000000e8c00000, 0x0000000100000000)
  eden space 66560K, 0% used [0x00000000e0000000,0x00000000e0000000,0x00000000e4100000)
  from space 5120K, 99% used [0x00000000e8700000,0x00000000e8bfddc0,0x00000000e8c00000)
  to   space 5120K, 0% used [0x00000000e4100000,0x00000000e4100000,0x00000000e4600000)
 ParOldGen       total 87552K, used 9619K [0x00000000a0000000, 0x00000000a5580000, 0x00000000e0000000)
  object space 87552K, 10% used [0x00000000a0000000,0x00000000a0964ca8,0x00000000a5580000)
 Metaspace       used 20780K, capacity 21212K, committed 21248K, reserved 1067008K
  class space    used 2876K, capacity 3042K, committed 3072K, reserved 1048576K
}
Event: 7.801 GC heap before
{Heap before GC invocations=5 (full 1):
 PSYoungGen      total 71680K, used 5111K [0x00000000e0000000, 0x00000000e8c00000, 0x0000000100000000)
  eden space 66560K, 0% used [0x00000000e0000000,0x00000000e0000000,0x00000000e4100000)
  from space 5120K, 99% used [0x00000000e8700000,0x00000000e8bfddc0,0x00000000e8c00000)
  to   space 5120K, 0% used [0x00000000e4100000,0x00000000e4100000,0x00000000e4600000)
 ParOldGen       total 87552K, used 9619K [0x00000000a0000000, 0x00000000a5580000, 0x00000000e0000000)
  object space 87552K, 10% used [0x00000000a0000000,0x00000000a0964ca8,0x00000000a5580000)
 Metaspace       used 20780K, capacity 21212K, committed 21248K, reserved 1067008K
  class space    used 2876K, capacity 3042K, committed 3072K, reserved 1048576K
Event: 7.858 GC heap after
Heap after GC invocations=5 (full 1):
 PSYoungGen      total 71680K, used 0K [0x00000000e0000000, 0x00000000e8c00000, 0x0000000100000000)
  eden space 66560K, 0% used [0x00000000e0000000,0x00000000e0000000,0x00000000e4100000)
  from space 5120K, 0% used [0x00000000e8700000,0x00000000e8700000,0x00000000e8c00000)
  to   space 5120K, 0% used [0x00000000e4100000,0x00000000e4100000,0x00000000e4600000)
 ParOldGen       total 62464K, used 8757K [0x00000000a0000000, 0x00000000a3d00000, 0x00000000e0000000)
  object space 62464K, 14% used [0x00000000a0000000,0x00000000a088d590,0x00000000a3d00000)
 Metaspace       used 20780K, capacity 21212K, committed 21248K, reserved 1067008K
  class space    used 2876K, capacity 3042K, committed 3072K, reserved 1048576K
}
Event: 9.882 GC heap before
{Heap before GC invocations=6 (full 1):
 PSYoungGen      total 71680K, used 66560K [0x00000000e0000000, 0x00000000e8c00000, 0x0000000100000000)
  eden space 66560K, 100% used [0x00000000e0000000,0x00000000e4100000,0x00000000e4100000)
  from space 5120K, 0% used [0x00000000e8700000,0x00000000e8700000,0x00000000e8c00000)
  to   space 5120K, 0% used [0x00000000e4100000,0x00000000e4100000,0x00000000e4600000)
 ParOldGen       total 62464K, used 8757K [0x00000000a0000000, 0x00000000a3d00000, 0x00000000e0000000)
  object space 62464K, 14% used [0x00000000a0000000,0x00000000a088d590,0x00000000a3d00000)
 Metaspace       used 28020K, capacity 28510K, committed 28800K, reserved 1075200K
  class space    used 3796K, capacity 3956K, committed 3968K, reserved 1048576K
Event: 9.891 GC heap after
Heap after GC invocations=6 (full 1):
 PSYoungGen      total 71680K, used 5098K [0x00000000e0000000, 0x00000000e8780000, 0x0000000100000000)
  eden space 66560K, 0% used [0x00000000e0000000,0x00000000e0000000,0x00000000e4100000)
  from space 5120K, 99% used [0x00000000e4100000,0x00000000e45fa9a0,0x00000000e4600000)
  to   space 11264K, 0% used [0x00000000e7c80000,0x00000000e7c80000,0x00000000e8780000)
 ParOldGen       total 62464K, used 11499K [0x00000000a0000000, 0x00000000a3d00000, 0x00000000e0000000)
  object space 62464K, 18% used [0x00000000a0000000,0x00000000a0b3af50,0x00000000a3d00000)
 Metaspace       used 28020K, capacity 28510K, committed 28800K, reserved 1075200K
  class space    used 3796K, capacity 3956K, committed 3968K, reserved 1048576K
}

